<?xml version="1.0" encoding="UTF-8"?>
<testng-results ignored="0" total="1" passed="1" failed="0" skipped="0">
  <reporter-output>
  </reporter-output>
  <suite started-at="2025-03-03T16:19:22 IST" name="Cucumber Suite" finished-at="2025-03-03T16:19:43 IST" duration-ms="20614">
    <groups>
      <group name="cucumber">
        <method signature="AbstractTestNGCucumberTests.runScenario(io.cucumber.testng.PickleWrapper,io.cucumber.testng.FeatureWrapper)[pri:0, instance:TestRunner.TestNGRunner@48f2bd5b]" name="runScenario" class="io.cucumber.testng.AbstractTestNGCucumberTests"/>
      </group> <!-- cucumber -->
    </groups>
    <test started-at="2025-03-03T16:19:22 IST" name="TMKOC Episode" finished-at="2025-03-03T16:19:43 IST" duration-ms="20614">
      <class name="TestRunner.TestNGRunner">
        <test-method is-config="true" signature="setUpClass()[pri:0, instance:TestRunner.TestNGRunner@48f2bd5b]" started-at="2025-03-03T16:19:22 IST" name="setUpClass" finished-at="2025-03-03T16:19:22 IST" duration-ms="255" status="PASS">
          <reporter-output>
          </reporter-output>
        </test-method> <!-- setUpClass -->
        <test-method signature="runScenario(io.cucumber.testng.PickleWrapper,io.cucumber.testng.FeatureWrapper)[pri:0, instance:TestRunner.TestNGRunner@48f2bd5b]" started-at="2025-03-03T16:19:22 IST" name="runScenario" description="Runs Cucumber Scenarios" data-provider="scenarios" finished-at="2025-03-03T16:19:42 IST" duration-ms="20313" status="PASS">
          <params>
            <param index="0">
              <value>
                <![CDATA["Tarak mehta ka ulta chasma"]]>
              </value>
            </param>
            <param index="1">
              <value>
                <![CDATA["Optional[TMKOC]"]]>
              </value>
            </param>
          </params>
          <reporter-output>
          </reporter-output>
        </test-method> <!-- runScenario -->
        <test-method is-config="true" signature="tearDownClass()[pri:0, instance:TestRunner.TestNGRunner@48f2bd5b]" started-at="2025-03-03T16:19:42 IST" name="tearDownClass" finished-at="2025-03-03T16:19:43 IST" duration-ms="25" status="PASS">
          <reporter-output>
          </reporter-output>
        </test-method> <!-- tearDownClass -->
      </class> <!-- TestRunner.TestNGRunner -->
    </test> <!-- TMKOC Episode -->
  </suite> <!-- Cucumber Suite -->
</testng-results>
