<?xml version="1.0" encoding="UTF-8"?>
<!-- Generated by org.testng.reporters.JUnitReportReporter -->
<testsuite hostname="Taruns-MacBook-Air.local" failures="0" tests="4" name="TestRunner.TestNGRunner" time="37.349" errors="0" timestamp="2025-04-10T16:34:20 IST" skipped="0">
  <testcase classname="TestRunner.TestNGRunner" name="runScenario" time="9.627"/>
  <system-out/>
  <testcase classname="TestRunner.TestNGRunner" name="runScenario" time="9.235"/>
  <system-out/>
  <testcase classname="TestRunner.TestNGRunner" name="runScenario" time="9.409"/>
  <system-out/>
  <testcase classname="TestRunner.TestNGRunner" name="runScenario" time="9.078"/>
  <system-out/>
</testsuite> <!-- TestRunner.TestNGRunner -->
